<?xml version="1.0" encoding="UTF-8"?>
<!-- Generated by org.testng.reporters.JUnitXMLReporter -->
<testsuite ignored="0" hostname="Shruti-pc1" failures="1" tests="1" name="Test1" time="57.52" errors="0" timestamp="2024-07-25T13:12:25 IST">
  <testcase classname="listners.assignment.TestScripts" name="clickOnBooks" time="18.511">
    <failure type="java.lang.AssertionError" message="books page is not displayed  expected [Demo Web Shop. Boks] but found [Demo Web Shop. Books]">
      <![CDATA[java.lang.AssertionError: books page is not displayed  expected [Demo Web Shop. Boks] but found [Demo Web Shop. Books]
at listners.assignment.TestScripts.clickOnBooks(TestScripts.java:22)
at java.base/java.util.ArrayList.forEach(ArrayList.java:1596)
at java.base/java.util.concurrent.FutureTask.run(FutureTask.java:317)
at java.base/java.util.concurrent.ThreadPoolExecutor.runWorker(ThreadPoolExecutor.java:1144)
at java.base/java.util.concurrent.ThreadPoolExecutor$Worker.run(ThreadPoolExecutor.java:642)
at java.base/java.lang.Thread.run(Thread.java:1583)
... Removed 21 stack frames]]>
    </failure>
  </testcase> <!-- clickOnBooks -->
</testsuite> <!-- Test1 -->
