<?xml version="1.0" encoding="UTF-8"?>
<testng-results ignored="0" total="2" passed="0" failed="2" skipped="0">
  <reporter-output>
    <line>
      <![CDATA[login page is displayed ]]>
    </line>
    <line>
      <![CDATA[login page is displayed ]]>
    </line>
    <line>
      <![CDATA[home page is displayed ]]>
    </line>
    <line>
      <![CDATA[test script failed]]>
    </line>
    <line>
      <![CDATA[home page is displayed ]]>
    </line>
    <line>
      <![CDATA[test script failed]]>
    </line>
  </reporter-output>
  <suite started-at="2024-07-25T13:11:27 IST" name="Suite" finished-at="2024-07-25T13:12:25 IST" duration-ms="57520">
    <groups>
    </groups>
    <test started-at="2024-07-25T13:11:27 IST" name="Test" finished-at="2024-07-25T13:12:05 IST" duration-ms="37490">
      <class name="listners.assignment.TestScripts">
        <test-method is-config="true" signature="openBrowser(java.lang.String)[pri:0, instance:listners.assignment.TestScripts@5119fb47]" started-at="2024-07-25T13:11:27 IST" name="openBrowser" finished-at="2024-07-25T13:11:59 IST" duration-ms="31562" status="PASS">
          <params>
            <param index="0">
              <value>
                <![CDATA[chrome]]>
              </value>
            </param>
          </params>
          <reporter-output>
          </reporter-output>
        </test-method> <!-- openBrowser -->
        <test-method is-config="true" signature="login()[pri:0, instance:listners.assignment.TestScripts@5119fb47]" started-at="2024-07-25T13:11:59 IST" name="login" finished-at="2024-07-25T13:12:02 IST" duration-ms="3162" status="PASS">
          <reporter-output>
            <line>
              <![CDATA[login page is displayed ]]>
            </line>
            <line>
              <![CDATA[home page is displayed ]]>
            </line>
          </reporter-output>
        </test-method> <!-- login -->
        <test-method signature="clickOnBooks()[pri:0, instance:listners.assignment.TestScripts@5119fb47]" started-at="2024-07-25T13:12:02 IST" name="clickOnBooks" finished-at="2024-07-25T13:12:03 IST" duration-ms="1164" status="FAIL">
          <exception class="java.lang.AssertionError">
            <message>
              <![CDATA[books page is not displayed  expected [Demo Web Shop. Boks] but found [Demo Web Shop. Books]]]>
            </message>
            <full-stacktrace>
              <![CDATA[java.lang.AssertionError: books page is not displayed  expected [Demo Web Shop. Boks] but found [Demo Web Shop. Books]
at org.testng.Assert.fail(Assert.java:99)
at org.testng.Assert.failNotEquals(Assert.java:1037)
at org.testng.Assert.assertEqualsImpl(Assert.java:140)
at org.testng.Assert.assertEquals(Assert.java:122)
at org.testng.Assert.assertEquals(Assert.java:629)
at listners.assignment.TestScripts.clickOnBooks(TestScripts.java:22)
at java.base/jdk.internal.reflect.DirectMethodHandleAccessor.invoke(DirectMethodHandleAccessor.java:103)
at java.base/java.lang.reflect.Method.invoke(Method.java:580)
at org.testng.internal.MethodInvocationHelper.invokeMethod(MethodInvocationHelper.java:133)
at org.testng.internal.TestInvoker.invokeMethod(TestInvoker.java:598)
at org.testng.internal.TestInvoker.invokeTestMethod(TestInvoker.java:173)
at org.testng.internal.MethodRunner.runInSequence(MethodRunner.java:46)
at org.testng.internal.TestInvoker$MethodInvocationAgent.invoke(TestInvoker.java:824)
at org.testng.internal.TestInvoker.invokeTestMethods(TestInvoker.java:146)
at org.testng.internal.TestMethodWorker.invokeTestMethods(TestMethodWorker.java:146)
at org.testng.internal.TestMethodWorker.run(TestMethodWorker.java:128)
at java.base/java.util.ArrayList.forEach(ArrayList.java:1596)
at org.testng.TestRunner.privateRun(TestRunner.java:794)
at org.testng.TestRunner.run(TestRunner.java:596)
at org.testng.SuiteRunner.runTest(SuiteRunner.java:377)
at org.testng.SuiteRunner.access$000(SuiteRunner.java:28)
at org.testng.SuiteRunner$SuiteWorker.run(SuiteRunner.java:418)
at org.testng.internal.thread.ThreadUtil.lambda$execute$0(ThreadUtil.java:64)
at java.base/java.util.concurrent.FutureTask.run(FutureTask.java:317)
at java.base/java.util.concurrent.ThreadPoolExecutor.runWorker(ThreadPoolExecutor.java:1144)
at java.base/java.util.concurrent.ThreadPoolExecutor$Worker.run(ThreadPoolExecutor.java:642)
at java.base/java.lang.Thread.run(Thread.java:1583)
]]>
            </full-stacktrace>
          </exception> <!-- java.lang.AssertionError -->
          <reporter-output>
            <line>
              <![CDATA[test script failed]]>
            </line>
          </reporter-output>
        </test-method> <!-- clickOnBooks -->
        <test-method is-config="true" signature="logout()[pri:0, instance:listners.assignment.TestScripts@5119fb47]" started-at="2024-07-25T13:12:04 IST" name="logout" finished-at="2024-07-25T13:12:05 IST" duration-ms="1030" status="PASS">
          <reporter-output>
          </reporter-output>
        </test-method> <!-- logout -->
        <test-method is-config="true" signature="closeBrowser()[pri:0, instance:listners.assignment.TestScripts@5119fb47]" started-at="2024-07-25T13:12:05 IST" name="closeBrowser" finished-at="2024-07-25T13:12:05 IST" duration-ms="145" status="PASS">
          <reporter-output>
          </reporter-output>
        </test-method> <!-- closeBrowser -->
      </class> <!-- listners.assignment.TestScripts -->
    </test> <!-- Test -->
    <test started-at="2024-07-25T13:11:27 IST" name="Test1" finished-at="2024-07-25T13:12:25 IST" duration-ms="57520">
      <class name="listners.assignment.TestScripts">
        <test-method is-config="true" signature="openBrowser(java.lang.String)[pri:0, instance:listners.assignment.TestScripts@4f6ee6e4]" started-at="2024-07-25T13:11:27 IST" name="openBrowser" finished-at="2024-07-25T13:12:00 IST" duration-ms="32750" status="PASS">
          <params>
            <param index="0">
              <value>
                <![CDATA[edge]]>
              </value>
            </param>
          </params>
          <reporter-output>
          </reporter-output>
        </test-method> <!-- openBrowser -->
        <test-method is-config="true" signature="login()[pri:0, instance:listners.assignment.TestScripts@4f6ee6e4]" started-at="2024-07-25T13:12:00 IST" name="login" finished-at="2024-07-25T13:12:03 IST" duration-ms="3494" status="PASS">
          <reporter-output>
            <line>
              <![CDATA[login page is displayed ]]>
            </line>
            <line>
              <![CDATA[home page is displayed ]]>
            </line>
          </reporter-output>
        </test-method> <!-- login -->
        <test-method signature="clickOnBooks()[pri:0, instance:listners.assignment.TestScripts@4f6ee6e4]" started-at="2024-07-25T13:12:03 IST" name="clickOnBooks" finished-at="2024-07-25T13:12:22 IST" duration-ms="18511" status="FAIL">
          <exception class="java.lang.AssertionError">
            <message>
              <![CDATA[books page is not displayed  expected [Demo Web Shop. Boks] but found [Demo Web Shop. Books]]]>
            </message>
            <full-stacktrace>
              <![CDATA[java.lang.AssertionError: books page is not displayed  expected [Demo Web Shop. Boks] but found [Demo Web Shop. Books]
at org.testng.Assert.fail(Assert.java:99)
at org.testng.Assert.failNotEquals(Assert.java:1037)
at org.testng.Assert.assertEqualsImpl(Assert.java:140)
at org.testng.Assert.assertEquals(Assert.java:122)
at org.testng.Assert.assertEquals(Assert.java:629)
at listners.assignment.TestScripts.clickOnBooks(TestScripts.java:22)
at java.base/jdk.internal.reflect.DirectMethodHandleAccessor.invoke(DirectMethodHandleAccessor.java:103)
at java.base/java.lang.reflect.Method.invoke(Method.java:580)
at org.testng.internal.MethodInvocationHelper.invokeMethod(MethodInvocationHelper.java:133)
at org.testng.internal.TestInvoker.invokeMethod(TestInvoker.java:598)
at org.testng.internal.TestInvoker.invokeTestMethod(TestInvoker.java:173)
at org.testng.internal.MethodRunner.runInSequence(MethodRunner.java:46)
at org.testng.internal.TestInvoker$MethodInvocationAgent.invoke(TestInvoker.java:824)
at org.testng.internal.TestInvoker.invokeTestMethods(TestInvoker.java:146)
at org.testng.internal.TestMethodWorker.invokeTestMethods(TestMethodWorker.java:146)
at org.testng.internal.TestMethodWorker.run(TestMethodWorker.java:128)
at java.base/java.util.ArrayList.forEach(ArrayList.java:1596)
at org.testng.TestRunner.privateRun(TestRunner.java:794)
at org.testng.TestRunner.run(TestRunner.java:596)
at org.testng.SuiteRunner.runTest(SuiteRunner.java:377)
at org.testng.SuiteRunner.access$000(SuiteRunner.java:28)
at org.testng.SuiteRunner$SuiteWorker.run(SuiteRunner.java:418)
at org.testng.internal.thread.ThreadUtil.lambda$execute$0(ThreadUtil.java:64)
at java.base/java.util.concurrent.FutureTask.run(FutureTask.java:317)
at java.base/java.util.concurrent.ThreadPoolExecutor.runWorker(ThreadPoolExecutor.java:1144)
at java.base/java.util.concurrent.ThreadPoolExecutor$Worker.run(ThreadPoolExecutor.java:642)
at java.base/java.lang.Thread.run(Thread.java:1583)
]]>
            </full-stacktrace>
          </exception> <!-- java.lang.AssertionError -->
          <reporter-output>
            <line>
              <![CDATA[test script failed]]>
            </line>
          </reporter-output>
        </test-method> <!-- clickOnBooks -->
        <test-method is-config="true" signature="logout()[pri:0, instance:listners.assignment.TestScripts@4f6ee6e4]" started-at="2024-07-25T13:12:22 IST" name="logout" finished-at="2024-07-25T13:12:25 IST" duration-ms="2355" status="PASS">
          <reporter-output>
          </reporter-output>
        </test-method> <!-- logout -->
        <test-method is-config="true" signature="closeBrowser()[pri:0, instance:listners.assignment.TestScripts@4f6ee6e4]" started-at="2024-07-25T13:12:25 IST" name="closeBrowser" finished-at="2024-07-25T13:12:25 IST" duration-ms="173" status="PASS">
          <reporter-output>
          </reporter-output>
        </test-method> <!-- closeBrowser -->
      </class> <!-- listners.assignment.TestScripts -->
    </test> <!-- Test1 -->
  </suite> <!-- Suite -->
</testng-results>
